<?xml version="1.0" encoding="UTF-8"?>
<!-- Generated by org.testng.reporters.JUnitReportReporter -->
<testsuite skipped="0" hostname="M7-LX-JP6DVN2" name="Base.InitiateBrowser" tests="1" failures="0" timestamp="22 Jul 2019 18:01:09 GMT" time="15.140" errors="0">
  <testcase name="browser" time="15.140" classname="Base.InitiateBrowser"/>
</testsuite> <!-- Base.InitiateBrowser -->
