<?xml version="1.0" encoding="UTF-8"?>
<!-- Generated by org.testng.reporters.JUnitReportReporter -->
<testsuite skipped="0" hostname="M7-LX-JP6DVN2" name="TestCases.LogintoPaytm" tests="2" failures="0" timestamp="23 Jul 2019 10:33:19 GMT" time="6.250" errors="0">
  <testcase name="login" time="5.605" classname="TestCases.LogintoPaytm"/>
  <testcase name="entercreds" time="0.645" classname="TestCases.LogintoPaytm"/>
</testsuite> <!-- TestCases.LogintoPaytm -->
