<?xml version="1.0" encoding="UTF-8"?>
<!-- Generated by org.testng.reporters.JUnitReportReporter -->
<testsuite skipped="0" hostname="M7-LX-JP6DVN2" name="TestCases.LogintoPaytm" tests="2" failures="0" timestamp="23 Jul 2019 06:50:00 GMT" time="14.430" errors="0">
  <testcase name="login" time="13.646" classname="TestCases.LogintoPaytm"/>
  <testcase name="entercreds" time="0.784" classname="TestCases.LogintoPaytm"/>
</testsuite> <!-- TestCases.LogintoPaytm -->
